Chapter8/xfermodeDemo/build/intermediates/manifest_merge_blame_file/debug/manifest-merger-blame-debug-report.txt
1<?xml version="1.0" encoding="utf-8"?>
2<manifest xmlns:android="http://schemas.android.com/apk/res/android"
3    package="com.harvic.XfermodeDemo"
4    android:versionCode="1"
5    android:versionName="1.0" >
6
7    <uses-sdk
8        android:minSdkVersion="14"
8-->src\main\AndroidManifest.xml
9        android:targetSdkVersion="14" />
9-->src\main\AndroidManifest.xml
10
11    <application
11-->src\main\AndroidManifest.xml:8:5-31:19
12        android:debuggable="true"
13        android:icon="@drawable/ic_launcher"
13-->src\main\AndroidManifest.xml:10:13-49
14        android:label="@string/app_name"
14-->src\main\AndroidManifest.xml:9:13-45
15        android:testOnly="true"
16        android:theme="@android:style/Theme.Light" >
16-->src\main\AndroidManifest.xml:11:13-55
17        <activity
17-->src\main\AndroidManifest.xml:13:9-21:20
18            android:name="com.harvic.XfermodeDemo.MyActivity"
18-->src\main\AndroidManifest.xml:14:17-42
19            android:label="@string/app_name" >
19-->src\main\AndroidManifest.xml:15:17-49
20            <intent-filter>
20-->src\main\AndroidManifest.xml:17:13-20:29
21                <action android:name="android.intent.action.MAIN" />
21-->src\main\AndroidManifest.xml:18:17-68
21-->src\main\AndroidManifest.xml:18:25-66
22
23                <category android:name="android.intent.category.LAUNCHER" />
23-->src\main\AndroidManifest.xml:19:17-76
23-->src\main\AndroidManifest.xml:19:27-74
24            </intent-filter>
25        </activity>
26        <activity android:name="com.harvic.XfermodeDemo.activity.AvoidXfermodeActivity" />
26-->src\main\AndroidManifest.xml:22:9-67
26-->src\main\AndroidManifest.xml:22:19-65
27        <activity android:name="com.harvic.XfermodeDemo.activity.EraserImageActivity" />
27-->src\main\AndroidManifest.xml:23:9-65
27-->src\main\AndroidManifest.xml:23:19-63
28        <activity android:name="com.harvic.XfermodeDemo.activity.InvertImageActivity" />
28-->src\main\AndroidManifest.xml:24:9-65
28-->src\main\AndroidManifest.xml:24:19-63
29        <activity android:name="com.harvic.XfermodeDemo.activity.IrregularWaveActivity" />
29-->src\main\AndroidManifest.xml:25:9-67
29-->src\main\AndroidManifest.xml:25:19-65
30        <activity android:name="com.harvic.XfermodeDemo.activity.LightBookActivity" />
30-->src\main\AndroidManifest.xml:26:9-63
30-->src\main\AndroidManifest.xml:26:19-61
31        <activity android:name="com.harvic.XfermodeDemo.activity.PorterDuffXfermodeActivity" />
31-->src\main\AndroidManifest.xml:27:9-72
31-->src\main\AndroidManifest.xml:27:19-70
32        <activity android:name="com.harvic.XfermodeDemo.activity.RoundImageActivity" />
32-->src\main\AndroidManifest.xml:28:9-64
32-->src\main\AndroidManifest.xml:28:19-62
33        <activity android:name="com.harvic.XfermodeDemo.activity.TextWaveActivity" />
33-->src\main\AndroidManifest.xml:29:9-62
33-->src\main\AndroidManifest.xml:29:19-60
34        <activity android:name="com.harvic.XfermodeDemo.activity.TwitterActivity" />
34-->src\main\AndroidManifest.xml:30:9-61
34-->src\main\AndroidManifest.xml:30:19-59
35    </application>
36
37</manifest>